{
  "stats": {
    "suites": 1,
    "tests": 3,
    "passes": 1,
    "pending": 0,
    "failures": 2,
    "start": "2023-10-25T11:25:33.739Z",
    "end": "2023-10-25T11:25:49.337Z",
    "duration": 15598,
    "testsRegistered": 3,
    "passPercent": 33.33333333333333,
    "pendingPercent": 0,
    "other": 0,
    "hasOther": false,
    "skipped": 0,
    "hasSkipped": false
  },
  "results": [
    {
      "uuid": "d135a345-9a29-49dc-8f73-93dcc5ccc7aa",
      "title": "",
      "fullFile": "cypress/e2e/QAM/TC05_thenCommand.cy.js",
      "file": "cypress/e2e/QAM/TC05_thenCommand.cy.js",
      "beforeHooks": [],
      "afterHooks": [],
      "tests": [],
      "suites": [
        {
          "uuid": "9a5409af-49bb-4be9-9985-37a539dd3b78",
          "title": "Create and mark-unmark as favorite",
          "fullFile": "",
          "file": "",
          "beforeHooks": [],
          "afterHooks": [],
          "tests": [
            {
              "title": "Sign in",
              "fullTitle": "Create and mark-unmark as favorite Sign in",
              "timedOut": null,
              "duration": 3279,
              "state": "passed",
              "speed": "fast",
              "pass": true,
              "fail": false,
              "pending": false,
              "context": null,
              "code": "cy.contains(\"Your Feed\", {\n  timeout: 10000\n}).should(\"be.visible\");",
              "err": {},
              "uuid": "7b4d5970-0f6f-45f1-918d-058fac1d35e9",
              "parentUUID": "9a5409af-49bb-4be9-9985-37a539dd3b78",
              "isHook": false,
              "skipped": false
            },
            {
              "title": "Create a post",
              "fullTitle": "Create and mark-unmark as favorite Create a post",
              "timedOut": null,
              "duration": 6305,
              "state": "failed",
              "speed": null,
              "pass": false,
              "fail": true,
              "pending": false,
              "context": null,
              "code": "cy.get('ul.navbar-nav').children().contains('New Article').click();\ncy.hash().should('include', '#/editor');\ncy.get('form').within($form => {\n  cy.get('input').first().type('Test 2');\n  cy.get('input').eq(1).type('Test 1');\n  cy.get('textarea').first().type('Test 2');\n  cy.get('.btn').contains('Publish Article').should('be.visible').click();\n});\ncy.url().should('include', 'article');",
              "err": {
                "message": "AssertionError: Timed out retrying after 4000ms: expected 'https://conduit-realworld-example-app.fly.dev/#/editor' to include 'article'",
                "estack": "AssertionError: Timed out retrying after 4000ms: expected 'https://conduit-realworld-example-app.fly.dev/#/editor' to include 'article'\n    at Context.eval (webpack://qamdemo/./cypress/e2e/QAM/TC05_thenCommand.cy.js:21:17)",
                "diff": null
              },
              "uuid": "93cae4fe-a848-44a6-bb56-465580d43605",
              "parentUUID": "9a5409af-49bb-4be9-9985-37a539dd3b78",
              "isHook": false,
              "skipped": false
            },
            {
              "title": "Mark-unmark as favorite",
              "fullTitle": "Create and mark-unmark as favorite Mark-unmark as favorite",
              "timedOut": null,
              "duration": 5904,
              "state": "failed",
              "speed": null,
              "pass": false,
              "fail": true,
              "pending": false,
              "context": null,
              "code": "cy.get('ul.navbar-nav').children().contains('Luiza').click();\ncy.contains('Profile').should('be.visible').click();\ncy.get('.ion-heart').first().click();\ncy.contains('Favorited Articles').click();\ncy.url().should('include', 'favorites');\ncy.get('.btn-primary').first().then($fav => {\n  const favCount = $fav.text();\n  expect(parseInt(favCount)).to.eq(1);\n}).click();\ncy.reload();\ncy.contains('Luiza doesn\\'t have favorites.').should('be.visible');\ncy.go('back');\ncy.go('forward');",
              "err": {
                "message": "AssertionError: Timed out retrying after 4000ms: Expected to find element: `.btn-primary`, but never found it.",
                "estack": "AssertionError: Timed out retrying after 4000ms: Expected to find element: `.btn-primary`, but never found it.\n    at Context.eval (webpack://qamdemo/./cypress/e2e/QAM/TC05_thenCommand.cy.js:31:11)",
                "diff": null
              },
              "uuid": "ebab304f-a1a7-4009-9e02-8390029a1c6b",
              "parentUUID": "9a5409af-49bb-4be9-9985-37a539dd3b78",
              "isHook": false,
              "skipped": false
            }
          ],
          "suites": [],
          "passes": [
            "7b4d5970-0f6f-45f1-918d-058fac1d35e9"
          ],
          "failures": [
            "93cae4fe-a848-44a6-bb56-465580d43605",
            "ebab304f-a1a7-4009-9e02-8390029a1c6b"
          ],
          "pending": [],
          "skipped": [],
          "duration": 15488,
          "root": false,
          "rootEmpty": false,
          "_timeout": 2000
        }
      ],
      "passes": [],
      "failures": [],
      "pending": [],
      "skipped": [],
      "duration": 0,
      "root": true,
      "rootEmpty": true,
      "_timeout": 2000
    }
  ],
  "meta": {
    "mocha": {
      "version": "7.0.1"
    },
    "mochawesome": {
      "options": {
        "quiet": false,
        "reportFilename": "mochawesome",
        "saveHtml": false,
        "saveJson": true,
        "consoleReporter": "spec",
        "useInlineDiffs": false,
        "code": true
      },
      "version": "7.1.3"
    },
    "marge": {
      "options": {
        "id": "default",
        "reportDir": "cypress/reports/mocha",
        "quite": true,
        "overwrite": false,
        "html": false,
        "json": true
      },
      "version": "6.2.0"
    }
  }
}